INFO  2017-02-19 03:50:45,585 (Saros.java:220) Starting Saros 14.10.31 running:
  Java Version: 1.8.0_121
  Java Vendor: Oracle Corporation
  Eclipse Runtime Version: 3.12.0.v20160606-1342
  Operating System: Linux (4.4.0-62-generic)
  Hardware Architecture: amd64
INFO  2017-02-19 03:50:45,628 (SarosContext.java:153) creating Saros runtime context...
DEBUG 2017-02-19 03:50:45,679 (XMPPAccountStore.java:117) loading accounts from file: /home/liam/.saros/config.dat
DEBUG 2017-02-19 03:50:45,767 (XMPPAccountStore.java:176) loaded 1 account(s)
INFO  2017-02-19 03:50:46,040 (SarosContext.java:199) successfully created Saros runtime context
DEBUG 2017-02-19 03:50:46,068 (DataTransferManager.java:467) used transport order for the current XMPP connection: [XMPP-Socks5-Transport, XMPP-IBB-Transport]
INFO  2017-02-19 03:50:46,099 (PreferenceInitializer.java:50) initializing preference default values
DEBUG 2017-02-19 03:50:46,150 (SarosAnnotation.java:117) resetting annotation colors
DEBUG 2017-02-19 03:50:46,159 (Saros.java:430) skipping conversion of old XMPP accounts, because there are already new ones
DEBUG 2017-02-19 03:50:50,911 (SharedDocumentProvider.java:77) SharedDocumentProvider created by Eclipse
DEBUG 2017-02-19 03:50:57,169 (WhiteboardManager.java:194) WhiteboardManager instantiated
DEBUG 2017-02-19 03:50:57,218 (DocumentRecord.java:93) Added Node: attr(148749785720721194) name=svg
DEBUG 2017-02-19 03:50:57,543 (XMPPConnectionService.java:439) started Socks5 proxy on port: 7777 [listening on all interfaces]
DEBUG 2017-02-19 03:50:57,583 (XMPPConnectionService.java:459) using autodetected addresses: [146.57.80.196, fe80:0:0:0:7a43:4a2:a6b4:bd18%enp3s0]
DEBUG 2017-02-19 03:50:57,665 (XMPPConnectionService.java:398)  new connection state == CONNECTING
DEBUG 2017-02-19 03:51:00,016 (XMPPConnectionService.java:398) sirlich@saros-con.imp.fu-berlin.de/Saros new connection state == CONNECTED
DEBUG 2017-02-19 03:51:00,016 (DataTransferManager.java:467) used transport order for the current XMPP connection: [XMPP-Socks5-Transport, XMPP-IBB-Transport]
DEBUG 2017-02-19 03:51:00,020 (SkypeManager.java:289) Refreshing Skype username cache...
WARN  2017-02-19 03:51:07,754 (StunServiceImpl.java:420) received no response from STUN server stunserver.org/69.172.201.153:3478 at local address /146.57.80.196:0
DEBUG 2017-02-19 11:20:54,771 (XMPPConnectionService.java:398) sirlich@saros-con.imp.fu-berlin.de/Saros new connection state == DISCONNECTING
DEBUG 2017-02-19 11:20:54,927 (XMPPConnectionService.java:398)  new connection state == NOT_CONNECTED
DEBUG 2017-02-19 11:20:54,927 (UPnPServiceImpl.java:295) deleting existing port mappings
