INFO  2017-02-19 02:36:54,930 (Saros.java:220) Starting Saros 14.10.31 running:
  Java Version: 1.8.0_121
  Java Vendor: Oracle Corporation
  Eclipse Runtime Version: 3.12.0.v20160606-1342
  Operating System: Linux (4.4.0-62-generic)
  Hardware Architecture: amd64
INFO  2017-02-19 02:36:54,987 (SarosContext.java:153) creating Saros runtime context...
DEBUG 2017-02-19 02:36:55,038 (XMPPAccountStore.java:117) loading accounts from file: /home/liam/.saros/config.dat
DEBUG 2017-02-19 02:36:55,211 (XMPPAccountStore.java:176) loaded 1 account(s)
INFO  2017-02-19 02:36:55,517 (SarosContext.java:199) successfully created Saros runtime context
DEBUG 2017-02-19 02:36:55,547 (DataTransferManager.java:467) used transport order for the current XMPP connection: [XMPP-Socks5-Transport, XMPP-IBB-Transport]
INFO  2017-02-19 02:36:55,573 (PreferenceInitializer.java:50) initializing preference default values
DEBUG 2017-02-19 02:36:55,620 (SarosAnnotation.java:117) resetting annotation colors
DEBUG 2017-02-19 02:36:55,632 (Saros.java:264) autogenerated favorite color id is: 2
DEBUG 2017-02-19 02:36:55,633 (Saros.java:430) skipping conversion of old XMPP accounts, because there are already new ones
DEBUG 2017-02-19 02:37:00,479 (WhiteboardManager.java:194) WhiteboardManager instantiated
DEBUG 2017-02-19 02:37:00,514 (DocumentRecord.java:93) Added Node: attr(148749342051196611) name=svg
DEBUG 2017-02-19 02:37:00,679 (XMPPConnectionService.java:439) started Socks5 proxy on port: 7777 [listening on all interfaces]
DEBUG 2017-02-19 02:37:00,685 (XMPPConnectionService.java:459) using autodetected addresses: [146.57.80.196, fe80:0:0:0:7a43:4a2:a6b4:bd18%enp3s0]
DEBUG 2017-02-19 02:37:00,699 (XMPPConnectionService.java:398)  new connection state == CONNECTING
DEBUG 2017-02-19 02:37:02,972 (XMPPConnectionService.java:398) sirlich@saros-con.imp.fu-berlin.de/Saros new connection state == CONNECTED
DEBUG 2017-02-19 02:37:02,972 (DataTransferManager.java:467) used transport order for the current XMPP connection: [XMPP-Socks5-Transport, XMPP-IBB-Transport]
DEBUG 2017-02-19 02:37:02,975 (SkypeManager.java:289) Refreshing Skype username cache...
WARN  2017-02-19 02:37:10,840 (StunServiceImpl.java:420) received no response from STUN server stunserver.org/69.172.201.153:3478 at local address /146.57.80.196:0
DEBUG 2017-02-19 02:42:27,547 (IconUtils.java:197) color: RGB {255, 255, 255}
DEBUG 2017-02-19 02:42:27,551 (IconUtils.java:208) create foreground icon with color RGB {0, 0, 0}
DEBUG 2017-02-19 02:44:39,684 (SharedDocumentProvider.java:77) SharedDocumentProvider created by Eclipse
DEBUG 2017-02-19 02:54:09,291 (XMPPConnectionService.java:398) sirlich@saros-con.imp.fu-berlin.de/Saros new connection state == DISCONNECTING
DEBUG 2017-02-19 02:54:09,446 (XMPPConnectionService.java:398)  new connection state == NOT_CONNECTED
DEBUG 2017-02-19 02:54:09,448 (UPnPServiceImpl.java:295) deleting existing port mappings
